Traceback (most recent call last):
  File "/opt/anaconda3/lib/python3.12/site-packages/jupyter_cache/executors/utils.py", line 58, in single_nb_execution
    executenb(
  File "/opt/anaconda3/lib/python3.12/site-packages/nbclient/client.py", line 1305, in execute
    return NotebookClient(nb=nb, resources=resources, km=km, **kwargs).execute()
           ^^^^^^^^^^^^^^^^^^^^^^^^^^^^^^^^^^^^^^^^^^^^^^^^^^^^^^^^^^^^^^^^^^^^^
  File "/opt/anaconda3/lib/python3.12/site-packages/jupyter_core/utils/__init__.py", line 165, in wrapped
    return loop.run_until_complete(inner)
           ^^^^^^^^^^^^^^^^^^^^^^^^^^^^^^
  File "/opt/anaconda3/lib/python3.12/asyncio/base_events.py", line 687, in run_until_complete
    return future.result()
           ^^^^^^^^^^^^^^^
  File "/opt/anaconda3/lib/python3.12/site-packages/nbclient/client.py", line 705, in async_execute
    await self.async_execute_cell(
  File "/opt/anaconda3/lib/python3.12/site-packages/nbclient/client.py", line 1058, in async_execute_cell
    await self._check_raise_for_error(cell, cell_index, exec_reply)
  File "/opt/anaconda3/lib/python3.12/site-packages/nbclient/client.py", line 914, in _check_raise_for_error
    raise CellExecutionError.from_cell_and_msg(cell, exec_reply_content)
nbclient.exceptions.CellExecutionError: An error occurred while executing the following cell:
------------------
# Import the ListStack class from the ListNode.py file
from DataStructureCode.ListStack import *
stack = ListStack()
stack.push(100); stack.push(200); stack.push(300); stack.push(400)
stack.printStack()
print("Top after pushes: ", stack.top())
print("Remove an element from top: ", stack.pop())
stack.printStack()
print('Is the stack empty?', stack.isEmpty())
print('Number of element in the stack?', stack.size())
------------------


[0;31m---------------------------------------------------------------------------[0m
[0;31mModuleNotFoundError[0m                       Traceback (most recent call last)
Cell [0;32mIn[1], line 2[0m
[1;32m      1[0m [38;5;66;03m# Import the ListStack class from the ListNode.py file[39;00m
[0;32m----> 2[0m [38;5;28;01mfrom[39;00m [38;5;21;01mDataStructureCode[39;00m[38;5;21;01m.[39;00m[38;5;21;01mListStack[39;00m [38;5;28;01mimport[39;00m [38;5;241m*[39m
[1;32m      3[0m stack [38;5;241m=[39m ListStack()
[1;32m      4[0m stack[38;5;241m.[39mpush([38;5;241m100[39m); stack[38;5;241m.[39mpush([38;5;241m200[39m); stack[38;5;241m.[39mpush([38;5;241m300[39m); stack[38;5;241m.[39mpush([38;5;241m400[39m)

[0;31mModuleNotFoundError[0m: No module named 'DataStructureCode'

