Traceback (most recent call last):
  File "/Users/jm/Library/Python/3.9/lib/python/site-packages/jupyter_cache/executors/utils.py", line 58, in single_nb_execution
    executenb(
  File "/Users/jm/Library/Python/3.9/lib/python/site-packages/nbclient/client.py", line 1319, in execute
    return NotebookClient(nb=nb, resources=resources, km=km, **kwargs).execute()
  File "/Users/jm/Library/Python/3.9/lib/python/site-packages/jupyter_core/utils/__init__.py", line 165, in wrapped
    return loop.run_until_complete(inner)
  File "/Library/Developer/CommandLineTools/Library/Frameworks/Python3.framework/Versions/3.9/lib/python3.9/asyncio/base_events.py", line 642, in run_until_complete
    return future.result()
  File "/Users/jm/Library/Python/3.9/lib/python/site-packages/nbclient/client.py", line 709, in async_execute
    await self.async_execute_cell(
  File "/Users/jm/Library/Python/3.9/lib/python/site-packages/nbclient/client.py", line 1062, in async_execute_cell
    await self._check_raise_for_error(cell, cell_index, exec_reply)
  File "/Users/jm/Library/Python/3.9/lib/python/site-packages/nbclient/client.py", line 918, in _check_raise_for_error
    raise CellExecutionError.from_cell_and_msg(cell, exec_reply_content)
nbclient.exceptions.CellExecutionError: An error occurred while executing the following cell:
------------------
from DataStructureCode.ListQueue import *
queue = ListQueue()
queue.enqueue("Mon"); queue.enqueue("Tue"); queue.enqueue("Wed"); queue.enqueue("Thurs"); queue.enqueue("Fri")
queue.printQueue()
print("\nDequeue: remove an element from the front of the queue: ", queue.dequeue())
queue.printQueue()
------------------


[0;31m---------------------------------------------------------------------------[0m
[0;31mModuleNotFoundError[0m                       Traceback (most recent call last)
Cell [0;32mIn[1], line 1[0m
[0;32m----> 1[0m [38;5;28;01mfrom[39;00m[38;5;250m [39m[38;5;21;01mDataStructureCode[39;00m[38;5;21;01m.[39;00m[38;5;21;01mListQueue[39;00m[38;5;250m [39m[38;5;28;01mimport[39;00m [38;5;241m*[39m
[1;32m      2[0m queue [38;5;241m=[39m ListQueue()
[1;32m      3[0m queue[38;5;241m.[39menqueue([38;5;124m"[39m[38;5;124mMon[39m[38;5;124m"[39m); queue[38;5;241m.[39menqueue([38;5;124m"[39m[38;5;124mTue[39m[38;5;124m"[39m); queue[38;5;241m.[39menqueue([38;5;124m"[39m[38;5;124mWed[39m[38;5;124m"[39m); queue[38;5;241m.[39menqueue([38;5;124m"[39m[38;5;124mThurs[39m[38;5;124m"[39m); queue[38;5;241m.[39menqueue([38;5;124m"[39m[38;5;124mFri[39m[38;5;124m"[39m)

[0;31mModuleNotFoundError[0m: No module named 'DataStructureCode'

